[     105ms] [INFO] %cDownload the React DevTools for a better development experience: https://react.dev/link/react-devtools font-weight:bold @ http://localhost:3333/_next/static/chunks/node_modules_next_dist_115brz8._.js:2431
[     205ms] [LOG] [HMR] connected @ http://localhost:3333/_next/static/chunks/node_modules_next_dist_115brz8._.js:2431
[  221285ms] [LOG] [Fast Refresh] rebuilding @ http://localhost:3333/_next/static/chunks/node_modules_next_dist_115brz8._.js:2431
[  221311ms] [LOG] [Fast Refresh] done in 23ms @ http://localhost:3333/_next/static/chunks/node_modules_next_dist_115brz8._.js:2431
[  225022ms] [LOG] [Fast Refresh] rebuilding @ http://localhost:3333/_next/static/chunks/node_modules_next_dist_115brz8._.js:2431
[  225051ms] [LOG] [Fast Refresh] done in 13ms @ http://localhost:3333/_next/static/chunks/node_modules_next_dist_115brz8._.js:2431
[  232646ms] [LOG] [Fast Refresh] rebuilding @ http://localhost:3333/_next/static/chunks/node_modules_next_dist_115brz8._.js:2431
[  232674ms] [LOG] [Fast Refresh] done in 14ms @ http://localhost:3333/_next/static/chunks/node_modules_next_dist_115brz8._.js:2431
[  237488ms] [LOG] [Fast Refresh] rebuilding @ http://localhost:3333/_next/static/chunks/node_modules_next_dist_115brz8._.js:2431
[  237516ms] [LOG] [Fast Refresh] done in 13ms @ http://localhost:3333/_next/static/chunks/node_modules_next_dist_115brz8._.js:2431
[  243381ms] [LOG] [Fast Refresh] rebuilding @ http://localhost:3333/_next/static/chunks/node_modules_next_dist_115brz8._.js:2431
[  243409ms] [LOG] [Fast Refresh] done in 12ms @ http://localhost:3333/_next/static/chunks/node_modules_next_dist_115brz8._.js:2431
[  260127ms] [LOG] [Fast Refresh] rebuilding @ http://localhost:3333/_next/static/chunks/node_modules_next_dist_115brz8._.js:2431
[  260154ms] [LOG] [Fast Refresh] done in 15ms @ http://localhost:3333/_next/static/chunks/node_modules_next_dist_115brz8._.js:2431
[  267666ms] [LOG] [Fast Refresh] rebuilding @ http://localhost:3333/_next/static/chunks/node_modules_next_dist_115brz8._.js:2431
[  267694ms] [LOG] [Fast Refresh] done in 13ms @ http://localhost:3333/_next/static/chunks/node_modules_next_dist_115brz8._.js:2431
[  272801ms] [LOG] [Fast Refresh] rebuilding @ http://localhost:3333/_next/static/chunks/node_modules_next_dist_115brz8._.js:2431
[  272829ms] [LOG] [Fast Refresh] done in 12ms @ http://localhost:3333/_next/static/chunks/node_modules_next_dist_115brz8._.js:2431
[  276862ms] [LOG] [Fast Refresh] rebuilding @ http://localhost:3333/_next/static/chunks/node_modules_next_dist_115brz8._.js:2431
[  276890ms] [LOG] [Fast Refresh] done in 12ms @ http://localhost:3333/_next/static/chunks/node_modules_next_dist_115brz8._.js:2431
[  636787ms] [LOG] [Fast Refresh] rebuilding @ http://localhost:3333/_next/static/chunks/node_modules_next_dist_115brz8._.js:2431
[  636816ms] [LOG] [Fast Refresh] done in 12ms @ http://localhost:3333/_next/static/chunks/node_modules_next_dist_115brz8._.js:2431
[  646822ms] [LOG] [Fast Refresh] rebuilding @ http://localhost:3333/_next/static/chunks/node_modules_next_dist_115brz8._.js:2431
[  646851ms] [LOG] [Fast Refresh] done in 11ms @ http://localhost:3333/_next/static/chunks/node_modules_next_dist_115brz8._.js:2431
[  663798ms] [LOG] [Fast Refresh] rebuilding @ http://localhost:3333/_next/static/chunks/node_modules_next_dist_115brz8._.js:2431
[  663827ms] [LOG] [Fast Refresh] done in 19ms @ http://localhost:3333/_next/static/chunks/node_modules_next_dist_115brz8._.js:2431
[  698291ms] [LOG] [Fast Refresh] rebuilding @ http://localhost:3333/_next/static/chunks/node_modules_next_dist_115brz8._.js:2431
[  698318ms] [LOG] [Fast Refresh] done in 14ms @ http://localhost:3333/_next/static/chunks/node_modules_next_dist_115brz8._.js:2431
[  711995ms] [LOG] [Fast Refresh] rebuilding @ http://localhost:3333/_next/static/chunks/node_modules_next_dist_115brz8._.js:2431
[  712040ms] [LOG] [Fast Refresh] done in 15ms @ http://localhost:3333/_next/static/chunks/node_modules_next_dist_115brz8._.js:2431
[  718360ms] [LOG] [Fast Refresh] rebuilding @ http://localhost:3333/_next/static/chunks/node_modules_next_dist_115brz8._.js:2431
[  718388ms] [LOG] [Fast Refresh] done in 14ms @ http://localhost:3333/_next/static/chunks/node_modules_next_dist_115brz8._.js:2431
[  724250ms] [LOG] [Fast Refresh] rebuilding @ http://localhost:3333/_next/static/chunks/node_modules_next_dist_115brz8._.js:2431
[  724252ms] [ERROR] The final argument passed to %s changed size between renders. The order and size of this array must remain constant.

Previous: %s
Incoming: %s useEffect [, , ] [, , , [object Object]] @ http://localhost:3333/_next/static/chunks/node_modules_next_dist_115brz8._.js:3272
[  724298ms] [LOG] [Fast Refresh] done in 15ms @ http://localhost:3333/_next/static/chunks/node_modules_next_dist_115brz8._.js:2431
[  728886ms] [LOG] [Fast Refresh] rebuilding @ http://localhost:3333/_next/static/chunks/node_modules_next_dist_115brz8._.js:2431
[  728915ms] [LOG] [Fast Refresh] done in 13ms @ http://localhost:3333/_next/static/chunks/node_modules_next_dist_115brz8._.js:2431
[  733764ms] [LOG] [Fast Refresh] rebuilding @ http://localhost:3333/_next/static/chunks/node_modules_next_dist_115brz8._.js:2431
[  733791ms] [LOG] [Fast Refresh] done in 14ms @ http://localhost:3333/_next/static/chunks/node_modules_next_dist_115brz8._.js:2431
[  799776ms] [LOG] [Fast Refresh] rebuilding @ http://localhost:3333/_next/static/chunks/node_modules_next_dist_115brz8._.js:2431
[  799806ms] [LOG] [Fast Refresh] done in 16ms @ http://localhost:3333/_next/static/chunks/node_modules_next_dist_115brz8._.js:2431
[  830343ms] [LOG] [Fast Refresh] rebuilding @ http://localhost:3333/_next/static/chunks/node_modules_next_dist_115brz8._.js:2431
[  830412ms] [LOG] [Fast Refresh] done in 25ms @ http://localhost:3333/_next/static/chunks/node_modules_next_dist_115brz8._.js:2431
[  897178ms] [LOG] [Fast Refresh] rebuilding @ http://localhost:3333/_next/static/chunks/node_modules_next_dist_115brz8._.js:2431
[  897220ms] [LOG] [Fast Refresh] done in 17ms @ http://localhost:3333/_next/static/chunks/node_modules_next_dist_115brz8._.js:2431
[ 1091650ms] [ERROR] ./app/page.tsx:5:1
Export DEFAULT_ZONE_ASSIGNMENT doesn't exist in target module
  3 | import { useState, useCallback, useEffect, useRef } from "react";
  4 | import { parseSvgString } from "@/lib/svgParser";
> 5 | import { computeDefaultCuts, DEFAULT_ZONE_ASSIGNMENT } from "@/lib/svgCutter";
    | ^^^^^^^^^^^^^^^^^^^^^^^^^^^^^^^^^^^^^^^^^^^^^^^^^^^^^^^^^^^^^^^^^^^^^^^^^^^^^^
  6 | import { buildFrameConfig, serializeConfig } from "@/lib/frameConfig";
  7 | import { loadLibrary, upsertEntry, deleteEntry, type LibraryEntry } from "@/lib/library";
  8 | import { SvgCanvas } from "@/components/cutter/SvgCanvas";

The export DEFAULT_ZONE_ASSIGNMENT was not found in module [project]/lib/svgCutter.ts [app-client] (ecmascript).
Did you mean to import DEFAULT_GRID?
All exports of the module are statically known (It doesn't have dynamic exports). So it's known statically that the requested export doesn't exist.

Import traces:
  Client Component Browser:
    ./app/page.tsx [Client Component Browser]
    ./app/page.tsx [Server Component]

  Client Component SSR:
    ./app/page.tsx [Client Component SSR]
    ./app/page.tsx [Server Component] @ http://localhost:3333/_next/static/chunks/node_modules_next_dist_115brz8._.js:3272
[ 1091650ms] [ERROR] ./app/page.tsx:5:1
Export DEFAULT_ZONE_ASSIGNMENT doesn't exist in target module
  3 | import { useState, useCallback, useEffect, useRef } from "react";
  4 | import { parseSvgString } from "@/lib/svgParser";
> 5 | import { computeDefaultCuts, DEFAULT_ZONE_ASSIGNMENT } from "@/lib/svgCutter";
    | ^^^^^^^^^^^^^^^^^^^^^^^^^^^^^^^^^^^^^^^^^^^^^^^^^^^^^^^^^^^^^^^^^^^^^^^^^^^^^^
  6 | import { buildFrameConfig, serializeConfig } from "@/lib/frameConfig";
  7 | import { loadLibrary, upsertEntry, deleteEntry, type LibraryEntry } from "@/lib/library";
  8 | import { SvgCanvas } from "@/components/cutter/SvgCanvas";

The export DEFAULT_ZONE_ASSIGNMENT was not found in module [project]/lib/svgCutter.ts [app-ssr] (ecmascript).
Did you mean to import DEFAULT_GRID?
All exports of the module are statically known (It doesn't have dynamic exports). So it's known statically that the requested export doesn't exist.

Import traces:
  Client Component Browser:
    ./app/page.tsx [Client Component Browser]
    ./app/page.tsx [Server Component]

  Client Component SSR:
    ./app/page.tsx [Client Component SSR]
    ./app/page.tsx [Server Component] @ http://localhost:3333/_next/static/chunks/node_modules_next_dist_115brz8._.js:3272
[ 1091708ms] [ERROR] ./app/page.tsx:5:1
Export DEFAULT_ZONE_ASSIGNMENT doesn't exist in target module
  3 | import { useState, useCallback, useEffect, useRef } from "react";
  4 | import { parseSvgString } from "@/lib/svgParser";
> 5 | import { computeDefaultCuts, DEFAULT_ZONE_ASSIGNMENT } from "@/lib/svgCutter";
    | ^^^^^^^^^^^^^^^^^^^^^^^^^^^^^^^^^^^^^^^^^^^^^^^^^^^^^^^^^^^^^^^^^^^^^^^^^^^^^^
  6 | import { buildFrameConfig, serializeConfig } from "@/lib/frameConfig";
  7 | import { loadLibrary, upsertEntry, deleteEntry, type LibraryEntry } from "@/lib/library";
  8 | import { SvgCanvas } from "@/components/cutter/SvgCanvas";

The export DEFAULT_ZONE_ASSIGNMENT was not found in module [project]/lib/svgCutter.ts [app-client] (ecmascript).
Did you mean to import DEFAULT_GRID?
All exports of the module are statically known (It doesn't have dynamic exports). So it's known statically that the requested export doesn't exist.

Import traces:
  Client Component Browser:
    ./app/page.tsx [Client Component Browser]
    ./app/page.tsx [Server Component]

  Client Component SSR:
    ./app/page.tsx [Client Component SSR]
    ./app/page.tsx [Server Component] @ http://localhost:3333/_next/static/chunks/node_modules_next_dist_115brz8._.js:3272
[ 1091708ms] [ERROR] ./app/page.tsx:5:1
Export DEFAULT_ZONE_ASSIGNMENT doesn't exist in target module
  3 | import { useState, useCallback, useEffect, useRef } from "react";
  4 | import { parseSvgString } from "@/lib/svgParser";
> 5 | import { computeDefaultCuts, DEFAULT_ZONE_ASSIGNMENT } from "@/lib/svgCutter";
    | ^^^^^^^^^^^^^^^^^^^^^^^^^^^^^^^^^^^^^^^^^^^^^^^^^^^^^^^^^^^^^^^^^^^^^^^^^^^^^^
  6 | import { buildFrameConfig, serializeConfig } from "@/lib/frameConfig";
  7 | import { loadLibrary, upsertEntry, deleteEntry, type LibraryEntry } from "@/lib/library";
  8 | import { SvgCanvas } from "@/components/cutter/SvgCanvas";

The export DEFAULT_ZONE_ASSIGNMENT was not found in module [project]/lib/svgCutter.ts [app-ssr] (ecmascript).
Did you mean to import DEFAULT_GRID?
All exports of the module are statically known (It doesn't have dynamic exports). So it's known statically that the requested export doesn't exist.

Import traces:
  Client Component Browser:
    ./app/page.tsx [Client Component Browser]
    ./app/page.tsx [Server Component]

  Client Component SSR:
    ./app/page.tsx [Client Component SSR]
    ./app/page.tsx [Server Component] @ http://localhost:3333/_next/static/chunks/node_modules_next_dist_115brz8._.js:3272
[ 1091763ms] [LOG] [Fast Refresh] rebuilding @ http://localhost:3333/_next/static/chunks/node_modules_next_dist_115brz8._.js:2431
[ 1097236ms] [ERROR] ./app/page.tsx:5:1
Export DEFAULT_ZONE_ASSIGNMENT doesn't exist in target module
  3 | import { useState, useCallback, useEffect, useRef } from "react";
  4 | import { parseSvgString } from "@/lib/svgParser";
> 5 | import { computeDefaultCuts, DEFAULT_ZONE_ASSIGNMENT } from "@/lib/svgCutter";
    | ^^^^^^^^^^^^^^^^^^^^^^^^^^^^^^^^^^^^^^^^^^^^^^^^^^^^^^^^^^^^^^^^^^^^^^^^^^^^^^
  6 | import { buildFrameConfig, serializeConfig } from "@/lib/frameConfig";
  7 | import { loadLibrary, upsertEntry, deleteEntry, type LibraryEntry } from "@/lib/library";
  8 | import { SvgCanvas } from "@/components/cutter/SvgCanvas";

The export DEFAULT_ZONE_ASSIGNMENT was not found in module [project]/lib/svgCutter.ts [app-client] (ecmascript).
Did you mean to import DEFAULT_GRID?
All exports of the module are statically known (It doesn't have dynamic exports). So it's known statically that the requested export doesn't exist.

Import traces:
  Client Component Browser:
    ./app/page.tsx [Client Component Browser]
    ./app/page.tsx [Server Component]

  Client Component SSR:
    ./app/page.tsx [Client Component SSR]
    ./app/page.tsx [Server Component] @ http://localhost:3333/_next/static/chunks/node_modules_next_dist_115brz8._.js:3272
[ 1097236ms] [ERROR] ./app/page.tsx:5:1
Export DEFAULT_ZONE_ASSIGNMENT doesn't exist in target module
  3 | import { useState, useCallback, useEffect, useRef } from "react";
  4 | import { parseSvgString } from "@/lib/svgParser";
> 5 | import { computeDefaultCuts, DEFAULT_ZONE_ASSIGNMENT } from "@/lib/svgCutter";
    | ^^^^^^^^^^^^^^^^^^^^^^^^^^^^^^^^^^^^^^^^^^^^^^^^^^^^^^^^^^^^^^^^^^^^^^^^^^^^^^
  6 | import { buildFrameConfig, serializeConfig } from "@/lib/frameConfig";
  7 | import { loadLibrary, upsertEntry, deleteEntry, type LibraryEntry } from "@/lib/library";
  8 | import { SvgCanvas } from "@/components/cutter/SvgCanvas";

The export DEFAULT_ZONE_ASSIGNMENT was not found in module [project]/lib/svgCutter.ts [app-ssr] (ecmascript).
Did you mean to import DEFAULT_GRID?
All exports of the module are statically known (It doesn't have dynamic exports). So it's known statically that the requested export doesn't exist.

Import traces:
  Client Component Browser:
    ./app/page.tsx [Client Component Browser]
    ./app/page.tsx [Server Component]

  Client Component SSR:
    ./app/page.tsx [Client Component SSR]
    ./app/page.tsx [Server Component] @ http://localhost:3333/_next/static/chunks/node_modules_next_dist_115brz8._.js:3272
[ 1097293ms] [LOG] [Fast Refresh] rebuilding @ http://localhost:3333/_next/static/chunks/node_modules_next_dist_115brz8._.js:2431
[ 1113556ms] [ERROR] ./app/page.tsx:5:1
Export DEFAULT_ZONE_ASSIGNMENT doesn't exist in target module
  3 | import { useState, useCallback, useEffect, useRef } from "react";
  4 | import { parseSvgString } from "@/lib/svgParser";
> 5 | import { computeDefaultCuts, DEFAULT_ZONE_ASSIGNMENT } from "@/lib/svgCutter";
    | ^^^^^^^^^^^^^^^^^^^^^^^^^^^^^^^^^^^^^^^^^^^^^^^^^^^^^^^^^^^^^^^^^^^^^^^^^^^^^^
  6 | import { buildFrameConfig, serializeConfig } from "@/lib/frameConfig";
  7 | import { loadLibrary, upsertEntry, deleteEntry, type LibraryEntry } from "@/lib/library";
  8 | import { SvgCanvas } from "@/components/cutter/SvgCanvas";

The export DEFAULT_ZONE_ASSIGNMENT was not found in module [project]/lib/svgCutter.ts [app-client] (ecmascript).
Did you mean to import DEFAULT_GRID?
All exports of the module are statically known (It doesn't have dynamic exports). So it's known statically that the requested export doesn't exist.

Import traces:
  Client Component Browser:
    ./app/page.tsx [Client Component Browser]
    ./app/page.tsx [Server Component]

  Client Component SSR:
    ./app/page.tsx [Client Component SSR]
    ./app/page.tsx [Server Component] @ http://localhost:3333/_next/static/chunks/node_modules_next_dist_115brz8._.js:3272
[ 1113556ms] [ERROR] ./app/page.tsx:5:1
Export DEFAULT_ZONE_ASSIGNMENT doesn't exist in target module
  3 | import { useState, useCallback, useEffect, useRef } from "react";
  4 | import { parseSvgString } from "@/lib/svgParser";
> 5 | import { computeDefaultCuts, DEFAULT_ZONE_ASSIGNMENT } from "@/lib/svgCutter";
    | ^^^^^^^^^^^^^^^^^^^^^^^^^^^^^^^^^^^^^^^^^^^^^^^^^^^^^^^^^^^^^^^^^^^^^^^^^^^^^^
  6 | import { buildFrameConfig, serializeConfig } from "@/lib/frameConfig";
  7 | import { loadLibrary, upsertEntry, deleteEntry, type LibraryEntry } from "@/lib/library";
  8 | import { SvgCanvas } from "@/components/cutter/SvgCanvas";

The export DEFAULT_ZONE_ASSIGNMENT was not found in module [project]/lib/svgCutter.ts [app-ssr] (ecmascript).
Did you mean to import DEFAULT_GRID?
All exports of the module are statically known (It doesn't have dynamic exports). So it's known statically that the requested export doesn't exist.

Import traces:
  Client Component Browser:
    ./app/page.tsx [Client Component Browser]
    ./app/page.tsx [Server Component]

  Client Component SSR:
    ./app/page.tsx [Client Component SSR]
    ./app/page.tsx [Server Component] @ http://localhost:3333/_next/static/chunks/node_modules_next_dist_115brz8._.js:3272
[ 1113611ms] [LOG] [Fast Refresh] rebuilding @ http://localhost:3333/_next/static/chunks/node_modules_next_dist_115brz8._.js:2431
[ 1133665ms] [LOG] [Fast Refresh] rebuilding @ http://localhost:3333/_next/static/chunks/node_modules_next_dist_115brz8._.js:2431
[ 1133712ms] [ERROR] ./app/page.tsx:5:1
Export DEFAULT_ZONE_ASSIGNMENT doesn't exist in target module
  3 | import { useState, useCallback, useEffect, useRef } from "react";
  4 | import { parseSvgString } from "@/lib/svgParser";
> 5 | import { computeDefaultCuts, DEFAULT_ZONE_ASSIGNMENT } from "@/lib/svgCutter";
    | ^^^^^^^^^^^^^^^^^^^^^^^^^^^^^^^^^^^^^^^^^^^^^^^^^^^^^^^^^^^^^^^^^^^^^^^^^^^^^^
  6 | import { buildFrameConfig, serializeConfig } from "@/lib/frameConfig";
  7 | import { loadLibrary, upsertEntry, deleteEntry, type LibraryEntry } from "@/lib/library";
  8 | import { SvgCanvas } from "@/components/cutter/SvgCanvas";

The export DEFAULT_ZONE_ASSIGNMENT was not found in module [project]/lib/svgCutter.ts [app-client] (ecmascript).
Did you mean to import DEFAULT_GRID?
All exports of the module are statically known (It doesn't have dynamic exports). So it's known statically that the requested export doesn't exist.

Import traces:
  Client Component Browser:
    ./app/page.tsx [Client Component Browser]
    ./app/page.tsx [Server Component]

  Client Component SSR:
    ./app/page.tsx [Client Component SSR]
    ./app/page.tsx [Server Component] @ http://localhost:3333/_next/static/chunks/node_modules_next_dist_115brz8._.js:3272
[ 1133712ms] [ERROR] ./app/page.tsx:5:1
Export DEFAULT_ZONE_ASSIGNMENT doesn't exist in target module
  3 | import { useState, useCallback, useEffect, useRef } from "react";
  4 | import { parseSvgString } from "@/lib/svgParser";
> 5 | import { computeDefaultCuts, DEFAULT_ZONE_ASSIGNMENT } from "@/lib/svgCutter";
    | ^^^^^^^^^^^^^^^^^^^^^^^^^^^^^^^^^^^^^^^^^^^^^^^^^^^^^^^^^^^^^^^^^^^^^^^^^^^^^^
  6 | import { buildFrameConfig, serializeConfig } from "@/lib/frameConfig";
  7 | import { loadLibrary, upsertEntry, deleteEntry, type LibraryEntry } from "@/lib/library";
  8 | import { SvgCanvas } from "@/components/cutter/SvgCanvas";

The export DEFAULT_ZONE_ASSIGNMENT was not found in module [project]/lib/svgCutter.ts [app-ssr] (ecmascript).
Did you mean to import DEFAULT_GRID?
All exports of the module are statically known (It doesn't have dynamic exports). So it's known statically that the requested export doesn't exist.

Import traces:
  Client Component Browser:
    ./app/page.tsx [Client Component Browser]
    ./app/page.tsx [Server Component]

  Client Component SSR:
    ./app/page.tsx [Client Component SSR]
    ./app/page.tsx [Server Component] @ http://localhost:3333/_next/static/chunks/node_modules_next_dist_115brz8._.js:3272
[ 1133817ms] [LOG] [Fast Refresh] rebuilding @ http://localhost:3333/_next/static/chunks/node_modules_next_dist_115brz8._.js:2431
[ 1133929ms] [ERROR] ./app/page.tsx:5:1
Export DEFAULT_ZONE_ASSIGNMENT doesn't exist in target module
  3 | import { useState, useCallback, useEffect, useRef } from "react";
  4 | import { parseSvgString } from "@/lib/svgParser";
> 5 | import { computeDefaultCuts, DEFAULT_ZONE_ASSIGNMENT } from "@/lib/svgCutter";
    | ^^^^^^^^^^^^^^^^^^^^^^^^^^^^^^^^^^^^^^^^^^^^^^^^^^^^^^^^^^^^^^^^^^^^^^^^^^^^^^
  6 | import { buildFrameConfig, serializeConfig } from "@/lib/frameConfig";
  7 | import { loadLibrary, upsertEntry, deleteEntry, type LibraryEntry } from "@/lib/library";
  8 | import { SvgCanvas } from "@/components/cutter/SvgCanvas";

The export DEFAULT_ZONE_ASSIGNMENT was not found in module [project]/lib/svgCutter.ts [app-client] (ecmascript).
Did you mean to import DEFAULT_GRID?
All exports of the module are statically known (It doesn't have dynamic exports). So it's known statically that the requested export doesn't exist.

Import traces:
  Client Component Browser:
    ./app/page.tsx [Client Component Browser]
    ./app/page.tsx [Server Component]

  Client Component SSR:
    ./app/page.tsx [Client Component SSR]
    ./app/page.tsx [Server Component] @ http://localhost:3333/_next/static/chunks/node_modules_next_dist_115brz8._.js:3272
[ 1133929ms] [ERROR] ./app/page.tsx:5:1
Export DEFAULT_ZONE_ASSIGNMENT doesn't exist in target module
  3 | import { useState, useCallback, useEffect, useRef } from "react";
  4 | import { parseSvgString } from "@/lib/svgParser";
> 5 | import { computeDefaultCuts, DEFAULT_ZONE_ASSIGNMENT } from "@/lib/svgCutter";
    | ^^^^^^^^^^^^^^^^^^^^^^^^^^^^^^^^^^^^^^^^^^^^^^^^^^^^^^^^^^^^^^^^^^^^^^^^^^^^^^
  6 | import { buildFrameConfig, serializeConfig } from "@/lib/frameConfig";
  7 | import { loadLibrary, upsertEntry, deleteEntry, type LibraryEntry } from "@/lib/library";
  8 | import { SvgCanvas } from "@/components/cutter/SvgCanvas";

The export DEFAULT_ZONE_ASSIGNMENT was not found in module [project]/lib/svgCutter.ts [app-ssr] (ecmascript).
Did you mean to import DEFAULT_GRID?
All exports of the module are statically known (It doesn't have dynamic exports). So it's known statically that the requested export doesn't exist.

Import traces:
  Client Component Browser:
    ./app/page.tsx [Client Component Browser]
    ./app/page.tsx [Server Component]

  Client Component SSR:
    ./app/page.tsx [Client Component SSR]
    ./app/page.tsx [Server Component] @ http://localhost:3333/_next/static/chunks/node_modules_next_dist_115brz8._.js:3272
[ 1134031ms] [LOG] [Fast Refresh] rebuilding @ http://localhost:3333/_next/static/chunks/node_modules_next_dist_115brz8._.js:2431
[ 1134077ms] [ERROR] ./app/page.tsx:5:1
Export DEFAULT_ZONE_ASSIGNMENT doesn't exist in target module
  3 | import { useState, useCallback, useEffect, useRef } from "react";
  4 | import { parseSvgString } from "@/lib/svgParser";
> 5 | import { computeDefaultCuts, DEFAULT_ZONE_ASSIGNMENT } from "@/lib/svgCutter";
    | ^^^^^^^^^^^^^^^^^^^^^^^^^^^^^^^^^^^^^^^^^^^^^^^^^^^^^^^^^^^^^^^^^^^^^^^^^^^^^^
  6 | import { buildFrameConfig, serializeConfig } from "@/lib/frameConfig";
  7 | import { loadLibrary, upsertEntry, deleteEntry, type LibraryEntry } from "@/lib/library";
  8 | import { SvgCanvas } from "@/components/cutter/SvgCanvas";

The export DEFAULT_ZONE_ASSIGNMENT was not found in module [project]/lib/svgCutter.ts [app-client] (ecmascript).
Did you mean to import DEFAULT_GRID?
All exports of the module are statically known (It doesn't have dynamic exports). So it's known statically that the requested export doesn't exist.

Import traces:
  Client Component Browser:
    ./app/page.tsx [Client Component Browser]
    ./app/page.tsx [Server Component]

  Client Component SSR:
    ./app/page.tsx [Client Component SSR]
    ./app/page.tsx [Server Component] @ http://localhost:3333/_next/static/chunks/node_modules_next_dist_115brz8._.js:3272
[ 1134077ms] [ERROR] ./app/page.tsx:5:1
Export DEFAULT_ZONE_ASSIGNMENT doesn't exist in target module
  3 | import { useState, useCallback, useEffect, useRef } from "react";
  4 | import { parseSvgString } from "@/lib/svgParser";
> 5 | import { computeDefaultCuts, DEFAULT_ZONE_ASSIGNMENT } from "@/lib/svgCutter";
    | ^^^^^^^^^^^^^^^^^^^^^^^^^^^^^^^^^^^^^^^^^^^^^^^^^^^^^^^^^^^^^^^^^^^^^^^^^^^^^^
  6 | import { buildFrameConfig, serializeConfig } from "@/lib/frameConfig";
  7 | import { loadLibrary, upsertEntry, deleteEntry, type LibraryEntry } from "@/lib/library";
  8 | import { SvgCanvas } from "@/components/cutter/SvgCanvas";

The export DEFAULT_ZONE_ASSIGNMENT was not found in module [project]/lib/svgCutter.ts [app-ssr] (ecmascript).
Did you mean to import DEFAULT_GRID?
All exports of the module are statically known (It doesn't have dynamic exports). So it's known statically that the requested export doesn't exist.

Import traces:
  Client Component Browser:
    ./app/page.tsx [Client Component Browser]
    ./app/page.tsx [Server Component]

  Client Component SSR:
    ./app/page.tsx [Client Component SSR]
    ./app/page.tsx [Server Component] @ http://localhost:3333/_next/static/chunks/node_modules_next_dist_115brz8._.js:3272
[ 1134146ms] [ERROR] Failed to load resource: the server responded with a status of 500 (Internal Server Error) @ http://localhost:3333/?_rsc=wnywt:0
[ 1134168ms] [ERROR] Failed to load resource: the server responded with a status of 500 (Internal Server Error) @ http://localhost:3333/?_rsc=wnywt:0
[ 1134207ms] [ERROR] Failed to load resource: the server responded with a status of 500 (Internal Server Error) @ http://localhost:3333/:0
[ 1134327ms] [INFO] %cDownload the React DevTools for a better development experience: https://react.dev/link/react-devtools font-weight:bold @ http://localhost:3333/_next/static/chunks/node_modules_react-dom_0bruynb._.js:15305
[ 1134379ms] Error: ./app/page.tsx:5:1
Export DEFAULT_ZONE_ASSIGNMENT doesn't exist in target module
  3 | import { useState, useCallback, useEffect, useRef } from "react";
  4 | import { parseSvgString } from "@/lib/svgParser";
> 5 | import { computeDefaultCuts, DEFAULT_ZONE_ASSIGNMENT } from "@/lib/svgCutter";
    | ^^^^^^^^^^^^^^^^^^^^^^^^^^^^^^^^^^^^^^^^^^^^^^^^^^^^^^^^^^^^^^^^^^^^^^^^^^^^^^
  6 | import { buildFrameConfig, serializeConfig } from "@/lib/frameConfig";
  7 | import { loadLibrary, upsertEntry, deleteEntry, type LibraryEntry } from "@/lib/library";
  8 | import { SvgCanvas } from "@/components/cutter/SvgCanvas";

The export DEFAULT_ZONE_ASSIGNMENT was not found in module [project]/lib/svgCutter.ts [app-client] (ecmascript).
Did you mean to import DEFAULT_GRID?
All exports of the module are statically known (It doesn't have dynamic exports). So it's known statically that the requested export doesn't exist.

Import traces:
  Client Component Browser:
    ./app/page.tsx [Client Component Browser]
    ./app/page.tsx [Server Component]

  Client Component SSR:
    ./app/page.tsx [Client Component SSR]
    ./app/page.tsx [Server Component]


    at <unknown> (Error: ./app/page.tsx:5:1)
    at Object.getCompilationErrors (file:///Users/nikita/Documents/Dev/frameCutter/node_modules/next/dist/server/dev/hot-reloader-turbopack.js:1189:59)
    at DevBundlerService.getCompilationError (file:///Users/nikita/Documents/Dev/frameCutter/node_modules/next/dist/server/lib/dev-bundler-service.js:44:55)
    at DevServer.getCompilationError (file:///Users/nikita/Documents/Dev/frameCutter/node_modules/next/dist/server/dev/next-dev-server.js:719:42)
    at DevServer.findPageComponents (file:///Users/nikita/Documents/Dev/frameCutter/node_modules/next/dist/server/dev/next-dev-server.js:689:43)
    at async DevServer.renderErrorToResponseImpl (file:///Users/nikita/Documents/Dev/frameCutter/node_modules/next/dist/server/base-server.js:1745:26)
[ 1134369ms] [LOG] [HMR] connected @ http://localhost:3333/_next/static/chunks/node_modules_next_dist_0u_w_5s._.js:1226
[ 1134382ms] [ERROR] ./app/page.tsx:5:1
Export DEFAULT_ZONE_ASSIGNMENT doesn't exist in target module
  3 | import { useState, useCallback, useEffect, useRef } from "react";
  4 | import { parseSvgString } from "@/lib/svgParser";
> 5 | import { computeDefaultCuts, DEFAULT_ZONE_ASSIGNMENT } from "@/lib/svgCutter";
    | ^^^^^^^^^^^^^^^^^^^^^^^^^^^^^^^^^^^^^^^^^^^^^^^^^^^^^^^^^^^^^^^^^^^^^^^^^^^^^^
  6 | import { buildFrameConfig, serializeConfig } from "@/lib/frameConfig";
  7 | import { loadLibrary, upsertEntry, deleteEntry, type LibraryEntry } from "@/lib/library";
  8 | import { SvgCanvas } from "@/components/cutter/SvgCanvas";

The export DEFAULT_ZONE_ASSIGNMENT was not found in module [project]/lib/svgCutter.ts [app-client] (ecmascript).
Did you mean to import DEFAULT_GRID?
All exports of the module are statically known (It doesn't have dynamic exports). So it's known statically that the requested export doesn't exist.

Import traces:
  Client Component Browser:
    ./app/page.tsx [Client Component Browser]
    ./app/page.tsx [Server Component]

  Client Component SSR:
    ./app/page.tsx [Client Component SSR]
    ./app/page.tsx [Server Component] @ http://localhost:3333/_next/static/chunks/node_modules_next_dist_0u_w_5s._.js:1945
[ 1134382ms] [ERROR] ./app/page.tsx:5:1
Export DEFAULT_ZONE_ASSIGNMENT doesn't exist in target module
  3 | import { useState, useCallback, useEffect, useRef } from "react";
  4 | import { parseSvgString } from "@/lib/svgParser";
> 5 | import { computeDefaultCuts, DEFAULT_ZONE_ASSIGNMENT } from "@/lib/svgCutter";
    | ^^^^^^^^^^^^^^^^^^^^^^^^^^^^^^^^^^^^^^^^^^^^^^^^^^^^^^^^^^^^^^^^^^^^^^^^^^^^^^
  6 | import { buildFrameConfig, serializeConfig } from "@/lib/frameConfig";
  7 | import { loadLibrary, upsertEntry, deleteEntry, type LibraryEntry } from "@/lib/library";
  8 | import { SvgCanvas } from "@/components/cutter/SvgCanvas";

The export DEFAULT_ZONE_ASSIGNMENT was not found in module [project]/lib/svgCutter.ts [app-ssr] (ecmascript).
Did you mean to import DEFAULT_GRID?
All exports of the module are statically known (It doesn't have dynamic exports). So it's known statically that the requested export doesn't exist.

Import traces:
  Client Component Browser:
    ./app/page.tsx [Client Component Browser]
    ./app/page.tsx [Server Component]

  Client Component SSR:
    ./app/page.tsx [Client Component SSR]
    ./app/page.tsx [Server Component] @ http://localhost:3333/_next/static/chunks/node_modules_next_dist_0u_w_5s._.js:1945
[ 1134393ms] [ERROR] ./app/page.tsx:5:1
Export DEFAULT_ZONE_ASSIGNMENT doesn't exist in target module
  3 | import { useState, useCallback, useEffect, useRef } from "react";
  4 | import { parseSvgString } from "@/lib/svgParser";
> 5 | import { computeDefaultCuts, DEFAULT_ZONE_ASSIGNMENT } from "@/lib/svgCutter";
    | ^^^^^^^^^^^^^^^^^^^^^^^^^^^^^^^^^^^^^^^^^^^^^^^^^^^^^^^^^^^^^^^^^^^^^^^^^^^^^^
  6 | import { buildFrameConfig, serializeConfig } from "@/lib/frameConfig";
  7 | import { loadLibrary, upsertEntry, deleteEntry, type LibraryEntry } from "@/lib/library";
  8 | import { SvgCanvas } from "@/components/cutter/SvgCanvas";

The export DEFAULT_ZONE_ASSIGNMENT was not found in module [project]/lib/svgCutter.ts [app-client] (ecmascript).
Did you mean to import DEFAULT_GRID?
All exports of the module are statically known (It doesn't have dynamic exports). So it's known statically that the requested export doesn't exist.

Import traces:
  Client Component Browser:
    ./app/page.tsx [Client Component Browser]
    ./app/page.tsx [Server Component]

  Client Component SSR:
    ./app/page.tsx [Client Component SSR]
    ./app/page.tsx [Server Component] @ http://localhost:3333/_next/static/chunks/node_modules_next_dist_0u_w_5s._.js:1945
[ 1134393ms] [ERROR] ./app/page.tsx:5:1
Export DEFAULT_ZONE_ASSIGNMENT doesn't exist in target module
  3 | import { useState, useCallback, useEffect, useRef } from "react";
  4 | import { parseSvgString } from "@/lib/svgParser";
> 5 | import { computeDefaultCuts, DEFAULT_ZONE_ASSIGNMENT } from "@/lib/svgCutter";
    | ^^^^^^^^^^^^^^^^^^^^^^^^^^^^^^^^^^^^^^^^^^^^^^^^^^^^^^^^^^^^^^^^^^^^^^^^^^^^^^
  6 | import { buildFrameConfig, serializeConfig } from "@/lib/frameConfig";
  7 | import { loadLibrary, upsertEntry, deleteEntry, type LibraryEntry } from "@/lib/library";
  8 | import { SvgCanvas } from "@/components/cutter/SvgCanvas";

The export DEFAULT_ZONE_ASSIGNMENT was not found in module [project]/lib/svgCutter.ts [app-ssr] (ecmascript).
Did you mean to import DEFAULT_GRID?
All exports of the module are statically known (It doesn't have dynamic exports). So it's known statically that the requested export doesn't exist.

Import traces:
  Client Component Browser:
    ./app/page.tsx [Client Component Browser]
    ./app/page.tsx [Server Component]

  Client Component SSR:
    ./app/page.tsx [Client Component SSR]
    ./app/page.tsx [Server Component] @ http://localhost:3333/_next/static/chunks/node_modules_next_dist_0u_w_5s._.js:1945
[ 1134421ms] [ERROR] ./app/page.tsx:5:1
Export DEFAULT_ZONE_ASSIGNMENT doesn't exist in target module
  3 | import { useState, useCallback, useEffect, useRef } from "react";
  4 | import { parseSvgString } from "@/lib/svgParser";
> 5 | import { computeDefaultCuts, DEFAULT_ZONE_ASSIGNMENT } from "@/lib/svgCutter";
    | ^^^^^^^^^^^^^^^^^^^^^^^^^^^^^^^^^^^^^^^^^^^^^^^^^^^^^^^^^^^^^^^^^^^^^^^^^^^^^^
  6 | import { buildFrameConfig, serializeConfig } from "@/lib/frameConfig";
  7 | import { loadLibrary, upsertEntry, deleteEntry, type LibraryEntry } from "@/lib/library";
  8 | import { SvgCanvas } from "@/components/cutter/SvgCanvas";

The export DEFAULT_ZONE_ASSIGNMENT was not found in module [project]/lib/svgCutter.ts [app-client] (ecmascript).
Did you mean to import DEFAULT_GRID?
All exports of the module are statically known (It doesn't have dynamic exports). So it's known statically that the requested export doesn't exist.

Import traces:
  Client Component Browser:
    ./app/page.tsx [Client Component Browser]
    ./app/page.tsx [Server Component]

  Client Component SSR:
    ./app/page.tsx [Client Component SSR]
    ./app/page.tsx [Server Component] @ http://localhost:3333/_next/static/chunks/node_modules_next_dist_0u_w_5s._.js:1945
[ 1134421ms] [ERROR] ./app/page.tsx:5:1
Export DEFAULT_ZONE_ASSIGNMENT doesn't exist in target module
  3 | import { useState, useCallback, useEffect, useRef } from "react";
  4 | import { parseSvgString } from "@/lib/svgParser";
> 5 | import { computeDefaultCuts, DEFAULT_ZONE_ASSIGNMENT } from "@/lib/svgCutter";
    | ^^^^^^^^^^^^^^^^^^^^^^^^^^^^^^^^^^^^^^^^^^^^^^^^^^^^^^^^^^^^^^^^^^^^^^^^^^^^^^
  6 | import { buildFrameConfig, serializeConfig } from "@/lib/frameConfig";
  7 | import { loadLibrary, upsertEntry, deleteEntry, type LibraryEntry } from "@/lib/library";
  8 | import { SvgCanvas } from "@/components/cutter/SvgCanvas";

The export DEFAULT_ZONE_ASSIGNMENT was not found in module [project]/lib/svgCutter.ts [app-ssr] (ecmascript).
Did you mean to import DEFAULT_GRID?
All exports of the module are statically known (It doesn't have dynamic exports). So it's known statically that the requested export doesn't exist.

Import traces:
  Client Component Browser:
    ./app/page.tsx [Client Component Browser]
    ./app/page.tsx [Server Component]

  Client Component SSR:
    ./app/page.tsx [Client Component SSR]
    ./app/page.tsx [Server Component] @ http://localhost:3333/_next/static/chunks/node_modules_next_dist_0u_w_5s._.js:1945
[ 1134483ms] [LOG] [Fast Refresh] rebuilding @ http://localhost:3333/_next/static/chunks/node_modules_next_dist_0u_w_5s._.js:1226
[ 1144131ms] [ERROR] ./app/page.tsx:5:1
Export DEFAULT_ZONE_ASSIGNMENT doesn't exist in target module
  3 | import { useState, useCallback, useEffect, useRef } from "react";
  4 | import { parseSvgString } from "@/lib/svgParser";
> 5 | import { computeDefaultCuts, DEFAULT_ZONE_ASSIGNMENT } from "@/lib/svgCutter";
    | ^^^^^^^^^^^^^^^^^^^^^^^^^^^^^^^^^^^^^^^^^^^^^^^^^^^^^^^^^^^^^^^^^^^^^^^^^^^^^^
  6 | import { buildFrameConfig, serializeConfig } from "@/lib/frameConfig";
  7 | import { loadLibrary, upsertEntry, deleteEntry, type LibraryEntry } from "@/lib/library";
  8 | import { SvgCanvas } from "@/components/cutter/SvgCanvas";

The export DEFAULT_ZONE_ASSIGNMENT was not found in module [project]/lib/svgCutter.ts [app-client] (ecmascript).
Did you mean to import DEFAULT_GRID?
All exports of the module are statically known (It doesn't have dynamic exports). So it's known statically that the requested export doesn't exist.

Import traces:
  Client Component Browser:
    ./app/page.tsx [Client Component Browser]
    ./app/page.tsx [Server Component]

  Client Component SSR:
    ./app/page.tsx [Client Component SSR]
    ./app/page.tsx [Server Component] @ http://localhost:3333/_next/static/chunks/node_modules_next_dist_0u_w_5s._.js:1945
[ 1144131ms] [ERROR] ./app/page.tsx:5:1
Export DEFAULT_ZONE_ASSIGNMENT doesn't exist in target module
  3 | import { useState, useCallback, useEffect, useRef } from "react";
  4 | import { parseSvgString } from "@/lib/svgParser";
> 5 | import { computeDefaultCuts, DEFAULT_ZONE_ASSIGNMENT } from "@/lib/svgCutter";
    | ^^^^^^^^^^^^^^^^^^^^^^^^^^^^^^^^^^^^^^^^^^^^^^^^^^^^^^^^^^^^^^^^^^^^^^^^^^^^^^
  6 | import { buildFrameConfig, serializeConfig } from "@/lib/frameConfig";
  7 | import { loadLibrary, upsertEntry, deleteEntry, type LibraryEntry } from "@/lib/library";
  8 | import { SvgCanvas } from "@/components/cutter/SvgCanvas";

The export DEFAULT_ZONE_ASSIGNMENT was not found in module [project]/lib/svgCutter.ts [app-ssr] (ecmascript).
Did you mean to import DEFAULT_GRID?
All exports of the module are statically known (It doesn't have dynamic exports). So it's known statically that the requested export doesn't exist.

Import traces:
  Client Component Browser:
    ./app/page.tsx [Client Component Browser]
    ./app/page.tsx [Server Component]

  Client Component SSR:
    ./app/page.tsx [Client Component SSR]
    ./app/page.tsx [Server Component] @ http://localhost:3333/_next/static/chunks/node_modules_next_dist_0u_w_5s._.js:1945
[ 1144191ms] [LOG] [Fast Refresh] rebuilding @ http://localhost:3333/_next/static/chunks/node_modules_next_dist_0u_w_5s._.js:1226
[ 1169320ms] [ERROR] ./app/page.tsx:5:1
Export DEFAULT_ZONE_ASSIGNMENT doesn't exist in target module
  3 | import { useState, useCallback, useEffect, useRef } from "react";
  4 | import { parseSvgString } from "@/lib/svgParser";
> 5 | import { computeDefaultCuts, DEFAULT_ZONE_ASSIGNMENT } from "@/lib/svgCutter";
    | ^^^^^^^^^^^^^^^^^^^^^^^^^^^^^^^^^^^^^^^^^^^^^^^^^^^^^^^^^^^^^^^^^^^^^^^^^^^^^^
  6 | import { buildFrameConfig, serializeConfig } from "@/lib/frameConfig";
  7 | import { loadLibrary, upsertEntry, deleteEntry, type LibraryEntry } from "@/lib/library";
  8 | import { SvgCanvas } from "@/components/cutter/SvgCanvas";

The export DEFAULT_ZONE_ASSIGNMENT was not found in module [project]/lib/svgCutter.ts [app-client] (ecmascript).
Did you mean to import DEFAULT_GRID?
All exports of the module are statically known (It doesn't have dynamic exports). So it's known statically that the requested export doesn't exist.

Import traces:
  Client Component Browser:
    ./app/page.tsx [Client Component Browser]
    ./app/page.tsx [Server Component]

  Client Component SSR:
    ./app/page.tsx [Client Component SSR]
    ./app/page.tsx [Server Component] @ http://localhost:3333/_next/static/chunks/node_modules_next_dist_0u_w_5s._.js:1945
[ 1169320ms] [ERROR] ./app/page.tsx:5:1
Export DEFAULT_ZONE_ASSIGNMENT doesn't exist in target module
  3 | import { useState, useCallback, useEffect, useRef } from "react";
  4 | import { parseSvgString } from "@/lib/svgParser";
> 5 | import { computeDefaultCuts, DEFAULT_ZONE_ASSIGNMENT } from "@/lib/svgCutter";
    | ^^^^^^^^^^^^^^^^^^^^^^^^^^^^^^^^^^^^^^^^^^^^^^^^^^^^^^^^^^^^^^^^^^^^^^^^^^^^^^
  6 | import { buildFrameConfig, serializeConfig } from "@/lib/frameConfig";
  7 | import { loadLibrary, upsertEntry, deleteEntry, type LibraryEntry } from "@/lib/library";
  8 | import { SvgCanvas } from "@/components/cutter/SvgCanvas";

The export DEFAULT_ZONE_ASSIGNMENT was not found in module [project]/lib/svgCutter.ts [app-ssr] (ecmascript).
Did you mean to import DEFAULT_GRID?
All exports of the module are statically known (It doesn't have dynamic exports). So it's known statically that the requested export doesn't exist.

Import traces:
  Client Component Browser:
    ./app/page.tsx [Client Component Browser]
    ./app/page.tsx [Server Component]

  Client Component SSR:
    ./app/page.tsx [Client Component SSR]
    ./app/page.tsx [Server Component] @ http://localhost:3333/_next/static/chunks/node_modules_next_dist_0u_w_5s._.js:1945
[ 1169381ms] [LOG] [Fast Refresh] rebuilding @ http://localhost:3333/_next/static/chunks/node_modules_next_dist_0u_w_5s._.js:1226
[ 1221897ms] [LOG] [Fast Refresh] rebuilding @ http://localhost:3333/_next/static/chunks/node_modules_next_dist_0u_w_5s._.js:1226
[ 1221965ms] [LOG] [Fast Refresh] done in 15ms @ http://localhost:3333/_next/static/chunks/node_modules_next_dist_0u_w_5s._.js:1226
[ 1222125ms] [INFO] %cDownload the React DevTools for a better development experience: https://react.dev/link/react-devtools font-weight:bold @ http://localhost:3333/_next/static/chunks/node_modules_next_dist_115brz8._.js:2431
[ 1222154ms] [LOG] [HMR] connected @ http://localhost:3333/_next/static/chunks/node_modules_next_dist_115brz8._.js:2431
[ 1297029ms] [LOG] [Fast Refresh] rebuilding @ http://localhost:3333/_next/static/chunks/node_modules_next_dist_115brz8._.js:2431
[ 1297054ms] [LOG] [Fast Refresh] done in 18ms @ http://localhost:3333/_next/static/chunks/node_modules_next_dist_115brz8._.js:2431
