[      53ms] [INFO] %cDownload the React DevTools for a better development experience: https://react.dev/link/react-devtools font-weight:bold @ http://localhost:3333/_next/static/chunks/node_modules_next_dist_115brz8._.js:2431
[      60ms] [LOG] [HMR] connected @ http://localhost:3333/_next/static/chunks/node_modules_next_dist_115brz8._.js:2431
[  106367ms] [LOG] [Fast Refresh] rebuilding @ http://localhost:3333/_next/static/chunks/node_modules_next_dist_115brz8._.js:2431
[  106395ms] [LOG] [Fast Refresh] done in 14ms @ http://localhost:3333/_next/static/chunks/node_modules_next_dist_115brz8._.js:2431
[  273199ms] [LOG] [Fast Refresh] rebuilding @ http://localhost:3333/_next/static/chunks/node_modules_next_dist_115brz8._.js:2431
[  273228ms] [LOG] [Fast Refresh] done in 11ms @ http://localhost:3333/_next/static/chunks/node_modules_next_dist_115brz8._.js:2431
[  279735ms] [LOG] [Fast Refresh] rebuilding @ http://localhost:3333/_next/static/chunks/node_modules_next_dist_115brz8._.js:2431
[  279765ms] [LOG] [Fast Refresh] done in 12ms @ http://localhost:3333/_next/static/chunks/node_modules_next_dist_115brz8._.js:2431
[  319193ms] [LOG] [Fast Refresh] rebuilding @ http://localhost:3333/_next/static/chunks/node_modules_next_dist_115brz8._.js:2431
[  319247ms] [LOG] [Fast Refresh] done in 13ms @ http://localhost:3333/_next/static/chunks/node_modules_next_dist_115brz8._.js:2431
[  338066ms] [LOG] [Fast Refresh] rebuilding @ http://localhost:3333/_next/static/chunks/node_modules_next_dist_115brz8._.js:2431
[  338111ms] [LOG] [Fast Refresh] done in 18ms @ http://localhost:3333/_next/static/chunks/node_modules_next_dist_115brz8._.js:2431
[  346607ms] [LOG] [Fast Refresh] rebuilding @ http://localhost:3333/_next/static/chunks/node_modules_next_dist_115brz8._.js:2431
[  346635ms] [LOG] [Fast Refresh] done in 14ms @ http://localhost:3333/_next/static/chunks/node_modules_next_dist_115brz8._.js:2431
[  353154ms] [LOG] [Fast Refresh] rebuilding @ http://localhost:3333/_next/static/chunks/node_modules_next_dist_115brz8._.js:2431
[  353157ms] [ERROR] The final argument passed to %s changed size between renders. The order and size of this array must remain constant.

Previous: %s
Incoming: %s useEffect [, , , corner,line,ornament,line,corner,line,,,,line,ornament,,,,ornament,line,,,,line,corner,line,ornament,line,corner] [, , , corner,line,ornament,line,corner,line,,,,line,ornament,,,,ornament,line,,,,line,corner,line,ornament,line,corner, [object Object]] @ http://localhost:3333/_next/static/chunks/node_modules_next_dist_115brz8._.js:3272
[  353200ms] [LOG] [Fast Refresh] done in 13ms @ http://localhost:3333/_next/static/chunks/node_modules_next_dist_115brz8._.js:2431
[  360458ms] [LOG] [Fast Refresh] rebuilding @ http://localhost:3333/_next/static/chunks/node_modules_next_dist_115brz8._.js:2431
[  360460ms] [ERROR] The final argument passed to %s changed size between renders. The order and size of this array must remain constant.

Previous: %s
Incoming: %s useEffect [, corner,line,ornament,line,corner,line,,,,line,ornament,,,,ornament,line,,,,line,corner,line,ornament,line,corner] [, corner,line,ornament,line,corner,line,,,,line,ornament,,,,ornament,line,,,,line,corner,line,ornament,line,corner, [object Object]] @ http://localhost:3333/_next/static/chunks/node_modules_next_dist_115brz8._.js:3272
[  360511ms] [LOG] [Fast Refresh] done in 12ms @ http://localhost:3333/_next/static/chunks/node_modules_next_dist_115brz8._.js:2431
[  372669ms] [LOG] [Fast Refresh] rebuilding @ http://localhost:3333/_next/static/chunks/node_modules_next_dist_115brz8._.js:2431
[  372697ms] [LOG] [Fast Refresh] done in 15ms @ http://localhost:3333/_next/static/chunks/node_modules_next_dist_115brz8._.js:2431
[  379936ms] [LOG] [Fast Refresh] rebuilding @ http://localhost:3333/_next/static/chunks/node_modules_next_dist_115brz8._.js:2431
[  379963ms] [LOG] [Fast Refresh] done in 13ms @ http://localhost:3333/_next/static/chunks/node_modules_next_dist_115brz8._.js:2431
[  385586ms] [LOG] [Fast Refresh] rebuilding @ http://localhost:3333/_next/static/chunks/node_modules_next_dist_115brz8._.js:2431
[  385614ms] [LOG] [Fast Refresh] done in 14ms @ http://localhost:3333/_next/static/chunks/node_modules_next_dist_115brz8._.js:2431
[  840801ms] [LOG] [Fast Refresh] rebuilding @ http://localhost:3333/_next/static/chunks/node_modules_next_dist_115brz8._.js:2431
[  840829ms] [LOG] [Fast Refresh] done in 13ms @ http://localhost:3333/_next/static/chunks/node_modules_next_dist_115brz8._.js:2431
[  944813ms] [LOG] [Fast Refresh] rebuilding @ http://localhost:3333/_next/static/chunks/node_modules_next_dist_115brz8._.js:2431
[  944842ms] [LOG] [Fast Refresh] done in 11ms @ http://localhost:3333/_next/static/chunks/node_modules_next_dist_115brz8._.js:2431
[ 1608212ms] [LOG] [Fast Refresh] rebuilding @ http://localhost:3333/_next/static/chunks/node_modules_next_dist_115brz8._.js:2431
[ 1608240ms] [LOG] [Fast Refresh] done in 13ms @ http://localhost:3333/_next/static/chunks/node_modules_next_dist_115brz8._.js:2431
[ 2088306ms] [LOG] [Fast Refresh] rebuilding @ http://localhost:3333/_next/static/chunks/node_modules_next_dist_115brz8._.js:2431
[ 2088336ms] [LOG] [Fast Refresh] done in 10ms @ http://localhost:3333/_next/static/chunks/node_modules_next_dist_115brz8._.js:2431
[ 2112979ms] [LOG] [Fast Refresh] rebuilding @ http://localhost:3333/_next/static/chunks/node_modules_next_dist_115brz8._.js:2431
[ 2113052ms] [LOG] [Fast Refresh] done in 18ms @ http://localhost:3333/_next/static/chunks/node_modules_next_dist_115brz8._.js:2431
[ 2523318ms] [LOG] [Fast Refresh] rebuilding @ http://localhost:3333/_next/static/chunks/node_modules_next_dist_115brz8._.js:2431
[ 2523348ms] [LOG] [Fast Refresh] done in 18ms @ http://localhost:3333/_next/static/chunks/node_modules_next_dist_115brz8._.js:2431
[ 2803017ms] [LOG] [Fast Refresh] rebuilding @ http://localhost:3333/_next/static/chunks/node_modules_next_dist_115brz8._.js:2431
[ 2803045ms] [LOG] [Fast Refresh] done in 13ms @ http://localhost:3333/_next/static/chunks/node_modules_next_dist_115brz8._.js:2431
[ 3296990ms] [LOG] [Fast Refresh] rebuilding @ http://localhost:3333/_next/static/chunks/node_modules_next_dist_115brz8._.js:2431
[ 3297017ms] [LOG] [Fast Refresh] done in 16ms @ http://localhost:3333/_next/static/chunks/node_modules_next_dist_115brz8._.js:2431
[ 3305532ms] [LOG] [Fast Refresh] rebuilding @ http://localhost:3333/_next/static/chunks/node_modules_next_dist_115brz8._.js:2431
[ 3305560ms] [LOG] [Fast Refresh] done in 14ms @ http://localhost:3333/_next/static/chunks/node_modules_next_dist_115brz8._.js:2431
[ 3310590ms] [LOG] [Fast Refresh] rebuilding @ http://localhost:3333/_next/static/chunks/node_modules_next_dist_115brz8._.js:2431
[ 3310618ms] [LOG] [Fast Refresh] done in 13ms @ http://localhost:3333/_next/static/chunks/node_modules_next_dist_115brz8._.js:2431
[ 3326229ms] [LOG] [Fast Refresh] rebuilding @ http://localhost:3333/_next/static/chunks/node_modules_next_dist_115brz8._.js:2431
[ 3326257ms] [LOG] [Fast Refresh] done in 15ms @ http://localhost:3333/_next/static/chunks/node_modules_next_dist_115brz8._.js:2431
[ 3786078ms] [LOG] [Fast Refresh] rebuilding @ http://localhost:3333/_next/static/chunks/node_modules_next_dist_115brz8._.js:2431
[ 3786108ms] [LOG] [Fast Refresh] done in 10ms @ http://localhost:3333/_next/static/chunks/node_modules_next_dist_115brz8._.js:2431
[ 3823108ms] [LOG] [Fast Refresh] rebuilding @ http://localhost:3333/_next/static/chunks/node_modules_next_dist_115brz8._.js:2431
[ 3823167ms] [LOG] [Fast Refresh] done in 75ms @ http://localhost:3333/_next/static/chunks/node_modules_next_dist_115brz8._.js:2431
[ 3834453ms] [LOG] [Fast Refresh] rebuilding @ http://localhost:3333/_next/static/chunks/node_modules_next_dist_115brz8._.js:2431
[ 3834500ms] [LOG] [Fast Refresh] done in 17ms @ http://localhost:3333/_next/static/chunks/node_modules_next_dist_115brz8._.js:2431
[ 3881379ms] [LOG] [Fast Refresh] rebuilding @ http://localhost:3333/_next/static/chunks/node_modules_next_dist_115brz8._.js:2431
[ 3881407ms] [LOG] [Fast Refresh] done in 16ms @ http://localhost:3333/_next/static/chunks/node_modules_next_dist_115brz8._.js:2431
[ 3904130ms] [LOG] [Fast Refresh] rebuilding @ http://localhost:3333/_next/static/chunks/node_modules_next_dist_115brz8._.js:2431
[ 3904159ms] [LOG] [Fast Refresh] done in 12ms @ http://localhost:3333/_next/static/chunks/node_modules_next_dist_115brz8._.js:2431
[ 3920288ms] [LOG] [Fast Refresh] rebuilding @ http://localhost:3333/_next/static/chunks/node_modules_next_dist_115brz8._.js:2431
[ 3920295ms] ReferenceError: activePartType is not defined
    at Home (http://localhost:3333/_next/static/chunks/_06k_a-_._.js?id=%255Bproject%255D%252Fapp%252Fpage.tsx+%255Bapp-client%255D+%2528ecmascript%2529:157:9)
    at Object.react_stack_bottom_frame (http://localhost:3333/_next/static/chunks/node_modules_next_dist_compiled_react-dom_058-ah~._.js:15037:24)
    at renderWithHooks (http://localhost:3333/_next/static/chunks/node_modules_next_dist_compiled_react-dom_058-ah~._.js:4620:24)
    at updateFunctionComponent (http://localhost:3333/_next/static/chunks/node_modules_next_dist_compiled_react-dom_058-ah~._.js:6081:21)
    at beginWork (http://localhost:3333/_next/static/chunks/node_modules_next_dist_compiled_react-dom_058-ah~._.js:6691:24)
    at runWithFiberInDEV (http://localhost:3333/_next/static/chunks/node_modules_next_dist_compiled_react-dom_058-ah~._.js:965:74)
    at performUnitOfWork (http://localhost:3333/_next/static/chunks/node_modules_next_dist_compiled_react-dom_058-ah~._.js:9555:97)
    at workLoopSync (http://localhost:3333/_next/static/chunks/node_modules_next_dist_compiled_react-dom_058-ah~._.js:9449:40)
    at renderRootSync (http://localhost:3333/_next/static/chunks/node_modules_next_dist_compiled_react-dom_058-ah~._.js:9433:13)
    at performWorkOnRoot (http://localhost:3333/_next/static/chunks/node_modules_next_dist_compiled_react-dom_058-ah~._.js:9098:47)
    at performSyncWorkOnRoot (http://localhost:3333/_next/static/chunks/node_modules_next_dist_compiled_react-dom_058-ah~._.js:10263:9)
    at flushSyncWorkAcrossRoots_impl (http://localhost:3333/_next/static/chunks/node_modules_next_dist_compiled_react-dom_058-ah~._.js:10179:316)
    at flushSyncWork$1 (http://localhost:3333/_next/static/chunks/node_modules_next_dist_compiled_react-dom_058-ah~._.js:9230:86)
    at Object.scheduleRefresh (http://localhost:3333/_next/static/chunks/node_modules_next_dist_compiled_react-dom_058-ah~._.js:299:13)
    at http://localhost:3333/_next/static/chunks/node_modules_next_dist_compiled_0rpq4pf._.js:391:33
    at Set.forEach (<anonymous>)
    at Object.performReactRefresh (http://localhost:3333/_next/static/chunks/node_modules_next_dist_compiled_0rpq4pf._.js:384:38)
    at applyUpdate (http://localhost:3333/_next/static/chunks/node_modules_next_dist_compiled_0rpq4pf._.js:878:31)
    at http://localhost:3333/_next/static/chunks/node_modules_next_dist_compiled_0rpq4pf._.js:886:13
[ 3920335ms] [LOG] [Fast Refresh] done in 16ms @ http://localhost:3333/_next/static/chunks/node_modules_next_dist_115brz8._.js:2431
[ 3925414ms] [LOG] [Fast Refresh] rebuilding @ http://localhost:3333/_next/static/chunks/node_modules_next_dist_115brz8._.js:2431
[ 3925416ms] [WARNING] [Fast Refresh] performing full reload because your application had an unrecoverable error @ http://localhost:3333/_next/static/chunks/node_modules_next_dist_115brz8._.js:2431
[ 3925492ms] [INFO] %cDownload the React DevTools for a better development experience: https://react.dev/link/react-devtools font-weight:bold @ http://localhost:3333/_next/static/chunks/node_modules_next_dist_115brz8._.js:2431
[ 3925500ms] [LOG] [HMR] connected @ http://localhost:3333/_next/static/chunks/node_modules_next_dist_115brz8._.js:2431
[ 3941212ms] [LOG] [Fast Refresh] rebuilding @ http://localhost:3333/_next/static/chunks/node_modules_next_dist_115brz8._.js:2431
[ 3941240ms] [LOG] [Fast Refresh] done in 17ms @ http://localhost:3333/_next/static/chunks/node_modules_next_dist_115brz8._.js:2431
[ 3963046ms] [LOG] [Fast Refresh] rebuilding @ http://localhost:3333/_next/static/chunks/node_modules_next_dist_115brz8._.js:2431
[ 3963073ms] [LOG] [Fast Refresh] done in 13ms @ http://localhost:3333/_next/static/chunks/node_modules_next_dist_115brz8._.js:2431
